Traceback (most recent call last):
  File "C:\Users\Matias Villalba\AppData\Local\Programs\Python\Python312\Lib\site-packages\jupyter_cache\executors\utils.py", line 58, in single_nb_execution
    executenb(
  File "C:\Users\Matias Villalba\AppData\Local\Programs\Python\Python312\Lib\site-packages\nbclient\client.py", line 1314, in execute
    return NotebookClient(nb=nb, resources=resources, km=km, **kwargs).execute()
           ^^^^^^^^^^^^^^^^^^^^^^^^^^^^^^^^^^^^^^^^^^^^^^^^^^^^^^^^^^^^^^^^^^^^^
  File "C:\Users\Matias Villalba\AppData\Local\Programs\Python\Python312\Lib\site-packages\jupyter_core\utils\__init__.py", line 165, in wrapped
    return loop.run_until_complete(inner)
           ^^^^^^^^^^^^^^^^^^^^^^^^^^^^^^
  File "C:\Users\Matias Villalba\AppData\Local\Programs\Python\Python312\Lib\asyncio\base_events.py", line 685, in run_until_complete
    return future.result()
           ^^^^^^^^^^^^^^^
  File "C:\Users\Matias Villalba\AppData\Local\Programs\Python\Python312\Lib\site-packages\nbclient\client.py", line 709, in async_execute
    await self.async_execute_cell(
  File "C:\Users\Matias Villalba\AppData\Local\Programs\Python\Python312\Lib\site-packages\nbclient\client.py", line 1062, in async_execute_cell
    await self._check_raise_for_error(cell, cell_index, exec_reply)
  File "C:\Users\Matias Villalba\AppData\Local\Programs\Python\Python312\Lib\site-packages\nbclient\client.py", line 918, in _check_raise_for_error
    raise CellExecutionError.from_cell_and_msg(cell, exec_reply_content)
nbclient.exceptions.CellExecutionError: An error occurred while executing the following cell:
------------------
include("../julia_notebooks/hdmjl/hdmjl.jl")
------------------


SystemError: opening file "C:\\Users\\Matias Villalba\\Documents\\GitHub\\CausalInferenceML\\labs\\julia_notebooks\\hdmjl\\hdmjl.jl": No such file or directory

Stacktrace:
  [1] systemerror(p::String, errno::Int32; extrainfo::Nothing)
    @ Base .\error.jl:176
  [2] systemerror
    @ .\error.jl:175 [inlined]
  [3] open(fname::String; lock::Bool, read::Nothing, write::Nothing, create::Nothing, truncate::Nothing, append::Nothing)
    @ Base .\iostream.jl:293
  [4] open
    @ .\iostream.jl:275 [inlined]
  [5] open(f::Base.var"#433#434"{String}, args::String; kwargs::@Kwargs{})
    @ Base .\io.jl:394
  [6] open
    @ .\io.jl:393 [inlined]
  [7] read
    @ .\io.jl:486 [inlined]
  [8] _include(mapexpr::Function, mod::Module, _path::String)
    @ Base .\loading.jl:2132
  [9] include(fname::String)
    @ Base.MainInclude .\client.jl:489
 [10] top-level scope
    @ In[2]:1

